
[ â€‰â€‰â€…â€…UTCâ€…â€…â€‰â€‰ ] Logs for investigation-intelligence-kdsyll2p9gfjsamskzavcy.streamlit.app/
â”€â”€â”€â”€â”€â”€â”€â”€â”€â”€â”€â”€â”€â”€â”€â”€â”€â”€â”€â”€â”€â”€â”€â”€â”€â”€â”€â”€â”€â”€â”€â”€â”€â”€â”€â”€â”€â”€â”€â”€â”€â”€â”€â”€â”€â”€â”€â”€â”€â”€â”€â”€â”€â”€â”€â”€â”€â”€â”€â”€â”€â”€â”€â”€â”€â”€â”€â”€â”€â”€â”€â”€â”€â”€â”€â”€â”€â”€â”€â”€â”€â”€â”€â”€â”€â”€â”€â”€
[22:47:31] ğŸ–¥ Provisioning machine...
[22:47:31] ğŸ› Preparing system...
[22:47:31] â›“ Spinning up manager process...
[22:47:31] ğŸš€ Starting up repository: 'investigation-intelligence', branch: 'main', main module: 'src/web/app.py'
[22:47:31] ğŸ™ Cloning repository...
[22:47:32] ğŸ™ Cloning into '/mount/src/investigation-intelligence'...

[22:47:32] ğŸ™ Cloned repository!
[22:47:32] ğŸ™ Pulling code changes from Github...
[22:47:32] ğŸ“¦ Processing dependencies...

â”€â”€â”€â”€â”€â”€â”€â”€â”€â”€â”€â”€â”€â”€â”€â”€â”€â”€â”€â”€â”€â”€â”€â”€â”€â”€â”€â”€â”€â”€â”€â”€â”€â”€â”€â”€â”€â”€â”€â”€ uv â”€â”€â”€â”€â”€â”€â”€â”€â”€â”€â”€â”€â”€â”€â”€â”€â”€â”€â”€â”€â”€â”€â”€â”€â”€â”€â”€â”€â”€â”€â”€â”€â”€â”€â”€â”€â”€â”€â”€â”€â”€â”€â”€

Using uv pip install.
Using Python 3.13.9 environment at /home/adminuser/venv
Resolved 81 packages in 756ms
  Ã— Failed to download and build `pillow==10.1.0`
  â•°â”€â–¶ Build backend failed to determine requirements with `build_wheel()`
      (exit status: 1)

      [stderr]
      Traceback (most recent call last):
        File "<string>", line 14, in <module>
          requires = get_requires_for_build({})
        File
      "/home/adminuser/.cache/uv/builds-v0/.tmpCZTU4k/lib/python3.13/site-packages/setuptools/build_meta.py",
      line 331, in get_requires_for_build_wheel
          return self._get_build_requires(config_settings, requirements=[])
                 ~~~~~~~~~~~~~~~~~~~~~~~~^^^^^^^^^^^^^^^^^^^^^^^^^^^^^^^^^^
        File
      "/home/adminuser/.cache/uv/builds-v0/.tmpCZTU4k/lib/python3.13/site-packages/setuptools/build_meta.py",
      line 301, in _get_build_requires
          self.run_setup()
          ~~~~~~~~~~~~~~^^
        File
      "/home/adminuser/.cache/uv/builds-v0/.tmpCZTU4k/lib/python3.13/site-packages/setuptools/build_meta.py",
      line 317, in run_setup
          exec(code, locals())
          ~~~~^^^^^^^^^^^^^^^^
        File "<string>", line 30, in <module>
        File "<string>", line 27, in get_version
      KeyError: '__version__'

Checking if Streamlit is installed
Installing rich for an improved exception logging
Using uv pip install.
Using Python 3.13.9 environment at /home/adminuser/venv
Resolved 4 packages in 47ms
Prepared 1 package in 45ms
Installed 4 packages in 16ms
 + markdown-it-py==4.0.0
 + mdurl==0.1.2[2025-11-13 22:47:41.023583] 
 + pygments==2.19.2
 + rich==14.2.0

â”€â”€â”€â”€â”€â”€â”€â”€â”€â”€â”€â”€â”€â”€â”€â”€â”€â”€â”€â”€â”€â”€â”€â”€â”€â”€â”€â”€â”€â”€â”€â”€â”€â”€â”€â”€â”€â”€â”€â”€â”€â”€â”€â”€â”€â”€â”€â”€â”€â”€â”€â”€â”€â”€â”€â”€â”€â”€â”€â”€â”€â”€â”€â”€â”€â”€â”€â”€â”€â”€â”€â”€â”€â”€â”€â”€â”€â”€â”€â”€â”€â”€â”€â”€â”€â”€â”€â”€


â”€â”€â”€â”€â”€â”€â”€â”€â”€â”€â”€â”€â”€â”€â”€â”€â”€â”€â”€â”€â”€â”€â”€â”€â”€â”€â”€â”€â”€â”€â”€â”€â”€â”€â”€â”€â”€â”€â”€â”€ pip â”€â”€â”€â”€â”€â”€â”€â”€â”€â”€â”€â”€â”€â”€â”€â”€â”€â”€â”€â”€â”€â”€â”€â”€â”€â”€â”€â”€â”€â”€â”€â”€â”€â”€â”€â”€â”€â”€â”€â”€â”€â”€â”€

Using standard pip install.
Collecting streamlit==1.29.0 (from -r /mount/src/investigation-intelligence/requirements.txt (line 1))
  Downloading streamlit-1.29.0-py2.py3-none-any.whl.metadata (8.2 kB)
Collecting openai==1.3.0 (from -r /mount/src/investigation-intelligence/requirements.txt (line 2))
  Downloading openai-1.3.0-py3-none-any.whl.metadata (16 kB)
Collecting anthropic==0.7.0 (from -r /mount/src/investigation-intelligence/requirements.txt (line 3))
  Downloading anthropic-0.7.0-py3-none-any.whl.metadata (13 kB)
Collecting python-dotenv==1.0.0 (from -r /mount/src/investigation-intelligence/requirements.txt (line 4))
  Downloading python_dotenv-1.0.0-py3-none-any.whl.metadata (21 kB)
Collecting pyyaml==6.0.1 (from -r /mount/src/investigation-intelligence/requirements.txt (line 5))
  Downloading PyYAML-6.0.1.tar.gz (125 kB)
     â”â”â”â”â”â”â”â”â”â”â”â”â”â”â”â”â”â”â”â”â”â”â”â”â”â”â”â”â”â”â”â”â”â”â”â”â”â” 125.2/125.2 kB 10.2 MB/s eta 0:00:00[2025-11-13 22:47:43.412739] 
  Installing build dependencies: started
  Installing build dependencies: finished with status 'done'
  Getting requirements to build wheel: started
  Getting requirements to build wheel: finished with status 'done'
  Preparing metadata (pyproject.toml): started
  Preparing metadata (pyproject.toml): finished with status 'done'
Collecting PyPDF2==3.0.1 (from -r /mount/src/investigation-intelligence/requirements.txt (line 6))
  Downloading pypdf2-3.0.1-py3-none-any.whl.metadata (6.8 kB)
Collecting python-docx==1.1.0 (from -r /mount/src/investigation-intelligence/requirements.txt (line 7))
  Downloading python_docx-1.1.0-py3-none-any.whl.metadata (2.0 kB)
Collecting openpyxl==3.1.2 (from -r /mount/src/investigation-intelligence/requirements.txt (line 8))
  Downloading openpyxl-3.1.2-py2.py3-none-any.whl.metadata (2.5 kB)
Collecting pillow==10.1.0 (from -r /mount/src/investigation-intelligence/requirements.txt (line 9))
  Downloading Pillow-10.1.0.tar.gz (50.8 MB)
     â”â”â”â”â”â”â”â”â”â”â”â”â”â”â”â”â”â”â”â”â”â”â”â”â”â”â”â”â”â”â”â”â”â”â”â”â”â”â” 50.8/50.8 MB 178.4 MB/s eta 0:00:00[2025-11-13 22:47:50.340680] 
  Installing build dependencies: started
  Installing build dependencies: finished with status 'done'
  Getting requirements to build wheel: started
  Getting requirements to build wheel: finished with status 'error'
  error: subprocess-exited-with-error
  
  Ã— Getting requirements to build wheel did not run successfully.
  â”‚ exit code: 1
  â•°â”€> [21 lines of output]
      Traceback (most recent call last):
        File "/home/adminuser/venv/lib/python3.13/site-packages/pip/_vendor/pyproject_hooks/_in_process/_in_process.py", line 353, in <module>
          main()
          ~~~~^^
        File "/home/adminuser/venv/lib/python3.13/site-packages/pip/_vendor/pyproject_hooks/_in_process/_in_process.py", line 335, in main
          json_out['return_val'] = hook(**hook_input['kwargs'])
                                   ~~~~^^^^^^^^^^^^^^^^^^^^^^^^
        File "/home/adminuser/venv/lib/python3.13/site-packages/pip/_vendor/pyproject_hooks/_in_process/_in_process.py", line 118, in get_requires_for_build_wheel
          return hook(config_settings)
        File "/tmp/pip-build-env-vvll9tym/overlay/lib/python3.13/site-packages/setuptools/build_meta.py", line 331, in get_requires_for_build_wheel
          return self._get_build_requires(config_settings, requirements=[])
                 ~~~~~~~~~~~~~~~~~~~~~~~~^^^^^^^^^^^^^^^^^^^^^^^^^^^^^^^^^^
        File "/tmp/pip-build-env-vvll9tym/overlay/lib/python3.13/site-packages/setuptools/build_meta.py", line 301, in _get_build_requires
          self.run_setup()
          ~~~~~~~~~~~~~~^^
        File "/tmp/pip-build-env-vvll9tym/overlay/lib/python3.13/site-packages/setuptools/build_meta.py", line 317, in run_setup
          exec(code, locals())
          ~~~~^^^^^^^^^^^^^^^^
        File "<string>", line 30, in <module>
        File "<string>", line 27, in get_version
      KeyError: '__version__'
      [end of output]
  
  note: This error originates from a subprocess, and is likely not a problem with pip.
error: subprocess-exited-with-error

Ã— Getting requirements to build wheel did not run successfully.
â”‚ exit code: 1
â•°â”€> See above for output.

note: This error originates from a subprocess, and is likely not a problem with pip.

[notice] A new release of pip is available: 24.0 -> 25.3
[notice] To update, run: pip install --upgrade pip
Checking if Streamlit is installed
Installing rich for an improved exception logging
Using standard pip install.
Collecting rich>=10.14.0
  Downloading rich-14.2.0-py3-none-any.whl.metadata (18 kB)
Collecting markdown-it-py>=2.2.0 (from rich>=10.14.0)
  Downloading markdown_it_py-4.0.0-py3-none-any.whl.metadata (7.3 kB)
Collecting pygments<3.0.0,>=2.13.0 (from rich>=10.14.0)
  Downloading pygments-2.19.2-py3-none-any.whl.metadata (2.5 kB)
Collecting mdurl~=0.1 (from markdown-it-py>=2.2.0->rich>=10.14.0)
  Downloading mdurl-0.1.2-py3-none-any.whl.metadata (1.6 kB)
Downloading rich-14.2.0-py3-none-any.whl (243 kB)
   â”â”â”â”â”â”â”â”â”â”â”â”â”â”â”â”â”â”â”â”â”â”â”â”â”â”â”â”â”â”â”â”â”â”â”â”â”â”â”â” 243.4/243.4 kB 11.2 MB/s eta 0:00:00[2025-11-13 22:47:55.574896] 
Downloading markdown_it_py-4.0.0-py3-none-any.whl (87 kB)
   â”â”â”â”â”â”â”â”â”â”â”â”â”â”â”â”â”â”â”â”â”â”â”â”â”â”â”â”â”â”â”â”â”â”â”â”â”â”â”â” 87.3/87.3 kB 149.8 MB/s eta 0:00:00[2025-11-13 22:47:55.588721] 
Downloading pygments-2.19.2-py3-none-any.whl (1.2 MB)
   â”â”â”â”â”â”â”â”â”â”â”â”â”â”â”â”â”â”â”â”â”â”â”â”â”â”â”â”â”â”â”â”â”â”â”â”â”â”â”â” 1.2/1.2 MB 65.3 MB/s eta 0:00:00[2025-11-13 22:47:55.620143] 
Downloading mdurl-0.1.2-py3-none-any.whl (10.0 kB)
Installing collected packages: pygments, mdurl, markdown-it-py, rich
  Attempting uninstall: pygments
    Found existing installation: Pygments 2.19.2
    Uninstalling Pygments-2.19.2:
      Successfully uninstalled Pygments-2.19.2
  Attempting uninstall: mdurl
    Found existing installation: mdurl 0.1.2
    Uninstalling mdurl-0.1.2:
      Successfully uninstalled mdurl-0.1.2
  Attempting uninstall: markdown-it-py
    Found existing installation: markdown-it-py 4.0.0
    Uninstalling markdown-it-py-4.0.0:
      Successfully uninstalled markdown-it-py-4.0.0
  Attempting uninstall: rich
    Found existing installation: rich 14.2.0
    Uninstalling rich-14.2.0:
      Successfully uninstalled rich-14.2.0
Successfully installed markdown-it-py-4.0.0 mdurl-0.1.2 pygments-2.19.2 rich-14.2.0

[notice] A new release of pip is available: 24.0 -> 25.3
[notice] To update, run: pip install --upgrade pip

â”€â”€â”€â”€â”€â”€â”€â”€â”€â”€â”€â”€â”€â”€â”€â”€â”€â”€â”€â”€â”€â”€â”€â”€â”€â”€â”€â”€â”€â”€â”€â”€â”€â”€â”€â”€â”€â”€â”€â”€â”€â”€â”€â”€â”€â”€â”€â”€â”€â”€â”€â”€â”€â”€â”€â”€â”€â”€â”€â”€â”€â”€â”€â”€â”€â”€â”€â”€â”€â”€â”€â”€â”€â”€â”€â”€â”€â”€â”€â”€â”€â”€â”€â”€â”€â”€â”€â”€

[22:47:58] â—ï¸ installer returned a non-zero exit code
[22:47:58] â—ï¸ Error during processing dependencies! Please fix the error and push an update, or try restarting the app.